<?xml version="1.0" encoding="UTF-8"?>
<testsuite xmlns:xsi="http://www.w3.org/2001/XMLSchema-instance" xsi:noNamespaceSchemaLocation="https://maven.apache.org/surefire/maven-surefire-plugin/xsd/surefire-test-report.xsd" name="com.binance.Runner.CukesRunner" time="56.201" tests="3" errors="1" skipped="0" failures="0">
  <properties>
    <property name="java.specification.version" value="13"/>
    <property name="sun.cpu.isalist" value="amd64"/>
    <property name="sun.jnu.encoding" value="Cp1252"/>
    <property name="java.class.path" value="C:\Users\wcc-2\IdeaProjects\FrameWorkStracture\target\test-classes;C:\Users\wcc-2\IdeaProjects\FrameWorkStracture\target\classes;C:\Users\wcc-2\.m2\repository\io\cucumber\cucumber-gherkin\6.9.1\cucumber-gherkin-6.9.1.jar;C:\Users\wcc-2\.m2\repository\io\cucumber\cucumber-plugin\6.9.1\cucumber-plugin-6.9.1.jar;C:\Users\wcc-2\.m2\repository\org\seleniumhq\selenium\selenium-java\3.141.59\selenium-java-3.141.59.jar;C:\Users\wcc-2\.m2\repository\org\seleniumhq\selenium\selenium-api\3.141.59\selenium-api-3.141.59.jar;C:\Users\wcc-2\.m2\repository\org\seleniumhq\selenium\selenium-chrome-driver\3.141.59\selenium-chrome-driver-3.141.59.jar;C:\Users\wcc-2\.m2\repository\org\seleniumhq\selenium\selenium-edge-driver\3.141.59\selenium-edge-driver-3.141.59.jar;C:\Users\wcc-2\.m2\repository\org\seleniumhq\selenium\selenium-firefox-driver\3.141.59\selenium-firefox-driver-3.141.59.jar;C:\Users\wcc-2\.m2\repository\org\seleniumhq\selenium\selenium-ie-driver\3.141.59\selenium-ie-driver-3.141.59.jar;C:\Users\wcc-2\.m2\repository\org\seleniumhq\selenium\selenium-opera-driver\3.141.59\selenium-opera-driver-3.141.59.jar;C:\Users\wcc-2\.m2\repository\org\seleniumhq\selenium\selenium-remote-driver\3.141.59\selenium-remote-driver-3.141.59.jar;C:\Users\wcc-2\.m2\repository\org\seleniumhq\selenium\selenium-safari-driver\3.141.59\selenium-safari-driver-3.141.59.jar;C:\Users\wcc-2\.m2\repository\org\seleniumhq\selenium\selenium-support\3.141.59\selenium-support-3.141.59.jar;C:\Users\wcc-2\.m2\repository\net\bytebuddy\byte-buddy\1.8.15\byte-buddy-1.8.15.jar;C:\Users\wcc-2\.m2\repository\org\apache\commons\commons-exec\1.3\commons-exec-1.3.jar;C:\Users\wcc-2\.m2\repository\com\google\guava\guava\25.0-jre\guava-25.0-jre.jar;C:\Users\wcc-2\.m2\repository\com\google\code\findbugs\jsr305\1.3.9\jsr305-1.3.9.jar;C:\Users\wcc-2\.m2\repository\org\checkerframework\checker-compat-qual\2.0.0\checker-compat-qual-2.0.0.jar;C:\Users\wcc-2\.m2\repository\com\google\errorprone\error_prone_annotations\2.1.3\error_prone_annotations-2.1.3.jar;C:\Users\wcc-2\.m2\repository\com\google\j2objc\j2objc-annotations\1.1\j2objc-annotations-1.1.jar;C:\Users\wcc-2\.m2\repository\org\codehaus\mojo\animal-sniffer-annotations\1.14\animal-sniffer-annotations-1.14.jar;C:\Users\wcc-2\.m2\repository\com\squareup\okhttp3\okhttp\3.11.0\okhttp-3.11.0.jar;C:\Users\wcc-2\.m2\repository\com\squareup\okio\okio\1.14.0\okio-1.14.0.jar;C:\Users\wcc-2\.m2\repository\io\github\bonigarcia\webdrivermanager\3.8.0\webdrivermanager-3.8.0.jar;C:\Users\wcc-2\.m2\repository\org\slf4j\slf4j-api\1.7.25\slf4j-api-1.7.25.jar;C:\Users\wcc-2\.m2\repository\commons-io\commons-io\2.6\commons-io-2.6.jar;C:\Users\wcc-2\.m2\repository\com\google\code\gson\gson\2.8.5\gson-2.8.5.jar;C:\Users\wcc-2\.m2\repository\org\apache\commons\commons-lang3\3.8.1\commons-lang3-3.8.1.jar;C:\Users\wcc-2\.m2\repository\org\apache\httpcomponents\httpclient\4.5.6\httpclient-4.5.6.jar;C:\Users\wcc-2\.m2\repository\org\apache\httpcomponents\httpcore\4.4.10\httpcore-4.4.10.jar;C:\Users\wcc-2\.m2\repository\commons-logging\commons-logging\1.2\commons-logging-1.2.jar;C:\Users\wcc-2\.m2\repository\commons-codec\commons-codec\1.10\commons-codec-1.10.jar;C:\Users\wcc-2\.m2\repository\org\rauschig\jarchivelib\1.0.0\jarchivelib-1.0.0.jar;C:\Users\wcc-2\.m2\repository\org\apache\commons\commons-compress\1.18\commons-compress-1.18.jar;C:\Users\wcc-2\.m2\repository\org\jsoup\jsoup\1.11.3\jsoup-1.11.3.jar;C:\Users\wcc-2\.m2\repository\io\cucumber\cucumber-junit\4.8.1\cucumber-junit-4.8.1.jar;C:\Users\wcc-2\.m2\repository\org\apiguardian\apiguardian-api\1.1.0\apiguardian-api-1.1.0.jar;C:\Users\wcc-2\.m2\repository\io\cucumber\cucumber-core\4.8.1\cucumber-core-4.8.1.jar;C:\Users\wcc-2\.m2\repository\io\cucumber\gherkin\5.1.0\gherkin-5.1.0.jar;C:\Users\wcc-2\.m2\repository\io\cucumber\tag-expressions\1.1.1\tag-expressions-1.1.1.jar;C:\Users\wcc-2\.m2\repository\io\cucumber\cucumber-expressions\7.0.2\cucumber-expressions-7.0.2.jar;C:\Users\wcc-2\.m2\repository\io\cucumber\datatable\1.1.14\datatable-1.1.14.jar;C:\Users\wcc-2\.m2\repository\io\cucumber\datatable-dependencies\1.1.14\datatable-dependencies-1.1.14.jar;C:\Users\wcc-2\.m2\repository\junit\junit\4.12\junit-4.12.jar;C:\Users\wcc-2\.m2\repository\org\hamcrest\hamcrest-core\1.3\hamcrest-core-1.3.jar;C:\Users\wcc-2\.m2\repository\io\cucumber\cucumber-java\4.8.1\cucumber-java-4.8.1.jar;"/>
    <property name="java.vm.vendor" value="Oracle Corporation"/>
    <property name="sun.arch.data.model" value="64"/>
    <property name="user.variant" value=""/>
    <property name="java.vendor.url" value="https://java.oracle.com/"/>
    <property name="user.timezone" value="Europe/Vilnius"/>
    <property name="user.country.format" value="LT"/>
    <property name="os.name" value="Windows 10"/>
    <property name="java.vm.specification.version" value="13"/>
    <property name="sun.java.launcher" value="SUN_STANDARD"/>
    <property name="user.country" value="US"/>
    <property name="sun.boot.library.path" value="C:\Program Files\Java\jdk-13.0.2\bin"/>
    <property name="sun.java.command" value="C:\Users\wcc-2\AppData\Local\Temp\surefire18430717344629213939\surefirebooter10439839257020257788.jar C:\Users\wcc-2\AppData\Local\Temp\surefire18430717344629213939 2021-02-01T15-53-22_992-jvmRun1 surefire13442380461327443212tmp surefire_015866066452052818060tmp"/>
    <property name="jdk.debug" value="release"/>
    <property name="surefire.test.class.path" value="C:\Users\wcc-2\IdeaProjects\FrameWorkStracture\target\test-classes;C:\Users\wcc-2\IdeaProjects\FrameWorkStracture\target\classes;C:\Users\wcc-2\.m2\repository\io\cucumber\cucumber-gherkin\6.9.1\cucumber-gherkin-6.9.1.jar;C:\Users\wcc-2\.m2\repository\io\cucumber\cucumber-plugin\6.9.1\cucumber-plugin-6.9.1.jar;C:\Users\wcc-2\.m2\repository\org\seleniumhq\selenium\selenium-java\3.141.59\selenium-java-3.141.59.jar;C:\Users\wcc-2\.m2\repository\org\seleniumhq\selenium\selenium-api\3.141.59\selenium-api-3.141.59.jar;C:\Users\wcc-2\.m2\repository\org\seleniumhq\selenium\selenium-chrome-driver\3.141.59\selenium-chrome-driver-3.141.59.jar;C:\Users\wcc-2\.m2\repository\org\seleniumhq\selenium\selenium-edge-driver\3.141.59\selenium-edge-driver-3.141.59.jar;C:\Users\wcc-2\.m2\repository\org\seleniumhq\selenium\selenium-firefox-driver\3.141.59\selenium-firefox-driver-3.141.59.jar;C:\Users\wcc-2\.m2\repository\org\seleniumhq\selenium\selenium-ie-driver\3.141.59\selenium-ie-driver-3.141.59.jar;C:\Users\wcc-2\.m2\repository\org\seleniumhq\selenium\selenium-opera-driver\3.141.59\selenium-opera-driver-3.141.59.jar;C:\Users\wcc-2\.m2\repository\org\seleniumhq\selenium\selenium-remote-driver\3.141.59\selenium-remote-driver-3.141.59.jar;C:\Users\wcc-2\.m2\repository\org\seleniumhq\selenium\selenium-safari-driver\3.141.59\selenium-safari-driver-3.141.59.jar;C:\Users\wcc-2\.m2\repository\org\seleniumhq\selenium\selenium-support\3.141.59\selenium-support-3.141.59.jar;C:\Users\wcc-2\.m2\repository\net\bytebuddy\byte-buddy\1.8.15\byte-buddy-1.8.15.jar;C:\Users\wcc-2\.m2\repository\org\apache\commons\commons-exec\1.3\commons-exec-1.3.jar;C:\Users\wcc-2\.m2\repository\com\google\guava\guava\25.0-jre\guava-25.0-jre.jar;C:\Users\wcc-2\.m2\repository\com\google\code\findbugs\jsr305\1.3.9\jsr305-1.3.9.jar;C:\Users\wcc-2\.m2\repository\org\checkerframework\checker-compat-qual\2.0.0\checker-compat-qual-2.0.0.jar;C:\Users\wcc-2\.m2\repository\com\google\errorprone\error_prone_annotations\2.1.3\error_prone_annotations-2.1.3.jar;C:\Users\wcc-2\.m2\repository\com\google\j2objc\j2objc-annotations\1.1\j2objc-annotations-1.1.jar;C:\Users\wcc-2\.m2\repository\org\codehaus\mojo\animal-sniffer-annotations\1.14\animal-sniffer-annotations-1.14.jar;C:\Users\wcc-2\.m2\repository\com\squareup\okhttp3\okhttp\3.11.0\okhttp-3.11.0.jar;C:\Users\wcc-2\.m2\repository\com\squareup\okio\okio\1.14.0\okio-1.14.0.jar;C:\Users\wcc-2\.m2\repository\io\github\bonigarcia\webdrivermanager\3.8.0\webdrivermanager-3.8.0.jar;C:\Users\wcc-2\.m2\repository\org\slf4j\slf4j-api\1.7.25\slf4j-api-1.7.25.jar;C:\Users\wcc-2\.m2\repository\commons-io\commons-io\2.6\commons-io-2.6.jar;C:\Users\wcc-2\.m2\repository\com\google\code\gson\gson\2.8.5\gson-2.8.5.jar;C:\Users\wcc-2\.m2\repository\org\apache\commons\commons-lang3\3.8.1\commons-lang3-3.8.1.jar;C:\Users\wcc-2\.m2\repository\org\apache\httpcomponents\httpclient\4.5.6\httpclient-4.5.6.jar;C:\Users\wcc-2\.m2\repository\org\apache\httpcomponents\httpcore\4.4.10\httpcore-4.4.10.jar;C:\Users\wcc-2\.m2\repository\commons-logging\commons-logging\1.2\commons-logging-1.2.jar;C:\Users\wcc-2\.m2\repository\commons-codec\commons-codec\1.10\commons-codec-1.10.jar;C:\Users\wcc-2\.m2\repository\org\rauschig\jarchivelib\1.0.0\jarchivelib-1.0.0.jar;C:\Users\wcc-2\.m2\repository\org\apache\commons\commons-compress\1.18\commons-compress-1.18.jar;C:\Users\wcc-2\.m2\repository\org\jsoup\jsoup\1.11.3\jsoup-1.11.3.jar;C:\Users\wcc-2\.m2\repository\io\cucumber\cucumber-junit\4.8.1\cucumber-junit-4.8.1.jar;C:\Users\wcc-2\.m2\repository\org\apiguardian\apiguardian-api\1.1.0\apiguardian-api-1.1.0.jar;C:\Users\wcc-2\.m2\repository\io\cucumber\cucumber-core\4.8.1\cucumber-core-4.8.1.jar;C:\Users\wcc-2\.m2\repository\io\cucumber\gherkin\5.1.0\gherkin-5.1.0.jar;C:\Users\wcc-2\.m2\repository\io\cucumber\tag-expressions\1.1.1\tag-expressions-1.1.1.jar;C:\Users\wcc-2\.m2\repository\io\cucumber\cucumber-expressions\7.0.2\cucumber-expressions-7.0.2.jar;C:\Users\wcc-2\.m2\repository\io\cucumber\datatable\1.1.14\datatable-1.1.14.jar;C:\Users\wcc-2\.m2\repository\io\cucumber\datatable-dependencies\1.1.14\datatable-dependencies-1.1.14.jar;C:\Users\wcc-2\.m2\repository\junit\junit\4.12\junit-4.12.jar;C:\Users\wcc-2\.m2\repository\org\hamcrest\hamcrest-core\1.3\hamcrest-core-1.3.jar;C:\Users\wcc-2\.m2\repository\io\cucumber\cucumber-java\4.8.1\cucumber-java-4.8.1.jar;"/>
    <property name="sun.cpu.endian" value="little"/>
    <property name="user.home" value="C:\Users\wcc-2"/>
    <property name="user.language" value="en"/>
    <property name="java.specification.vendor" value="Oracle Corporation"/>
    <property name="java.version.date" value="2020-01-14"/>
    <property name="java.home" value="C:\Program Files\Java\jdk-13.0.2"/>
    <property name="file.separator" value="\"/>
    <property name="basedir" value="C:\Users\wcc-2\IdeaProjects\FrameWorkStracture"/>
    <property name="java.vm.compressedOopsMode" value="32-bit"/>
    <property name="line.separator" value="&#10;"/>
    <property name="java.vm.specification.vendor" value="Oracle Corporation"/>
    <property name="java.specification.name" value="Java Platform API Specification"/>
    <property name="surefire.real.class.path" value="C:\Users\wcc-2\AppData\Local\Temp\surefire18430717344629213939\surefirebooter10439839257020257788.jar"/>
    <property name="user.script" value=""/>
    <property name="sun.management.compiler" value="HotSpot 64-Bit Tiered Compilers"/>
    <property name="java.runtime.version" value="13.0.2+8"/>
    <property name="user.name" value="wcc-2"/>
    <property name="path.separator" value=";"/>
    <property name="os.version" value="10.0"/>
    <property name="java.runtime.name" value="Java(TM) SE Runtime Environment"/>
    <property name="file.encoding" value="Cp1257"/>
    <property name="java.vm.name" value="Java HotSpot(TM) 64-Bit Server VM"/>
    <property name="localRepository" value="C:\Users\wcc-2\.m2\repository"/>
    <property name="java.vendor.url.bug" value="https://bugreport.java.com/bugreport/"/>
    <property name="java.io.tmpdir" value="C:\Users\wcc-2\AppData\Local\Temp\"/>
    <property name="idea.version" value="2020.3.2"/>
    <property name="java.version" value="13.0.2"/>
    <property name="user.dir" value="C:\Users\wcc-2\IdeaProjects\FrameWorkStracture"/>
    <property name="os.arch" value="amd64"/>
    <property name="java.vm.specification.name" value="Java Virtual Machine Specification"/>
    <property name="user.language.format" value="lt"/>
    <property name="sun.os.patch.level" value=""/>
    <property name="java.library.path" value="C:\Program Files\Java\jdk-13.0.2\bin;C:\windows\Sun\Java\bin;C:\windows\system32;C:\windows;C:\Program Files\Common Files\Oracle\Java\javapath;C:\windows\system32;C:\windows;C:\windows\System32\Wbem;C:\windows\System32\WindowsPowerShell\v1.0\;C:\windows\System32\OpenSSH\;C:\ProgramData\chocolatey\bin;C:\Program Files\Java\jdk-13.0.2\bin;C:\apache-maven-3.6.3\bin;C:\Program Files\Git\cmd;C:\Users\wcc-2\AppData\Local\Microsoft\WindowsApps;C:\Program Files\JetBrains\IntelliJ IDEA Community Edition 2020.2.3\bin;;."/>
    <property name="java.vm.info" value="mixed mode, sharing"/>
    <property name="java.vendor" value="Oracle Corporation"/>
    <property name="java.vm.version" value="13.0.2+8"/>
    <property name="sun.io.unicode.encoding" value="UnicodeLittle"/>
    <property name="java.class.version" value="57.0"/>
  </properties>
  <testcase name="Trader able to see the COVERT option under the TRADE" classname="EMPTY_NAME" time="26.213"/>
  <testcase name="Trader able to see ALG BUSD option" classname="EMPTY_NAME" time="16.33"/>
  <testcase name="Trader able to see ALG BUSD option" classname="EMPTY_NAME" time="11.001">
    <error message="invalid selector: Unable to locate an element with the xpath expression (//svg[@class=&quot;css-8qwo6f&quot;] because of the following error:&#10;SyntaxError: Failed to execute &apos;evaluate&apos; on &apos;Document&apos;: The string &apos;(//svg[@class=&quot;css-8qwo6f&quot;]&apos; is not a valid XPath expression.&#10;  (Session info: chrome=88.0.4324.104)&#10;For documentation on this error, please visit: https://www.seleniumhq.org/exceptions/invalid_selector_exception.html&#10;Build info: version: &apos;3.141.59&apos;, revision: &apos;e82be7d358&apos;, time: &apos;2018-11-14T08:17:03&apos;&#10;System info: host: &apos;BAIRO&apos;, ip: &apos;192.168.1.228&apos;, os.name: &apos;Windows 10&apos;, os.arch: &apos;amd64&apos;, os.version: &apos;10.0&apos;, java.version: &apos;13.0.2&apos;&#10;Driver info: org.openqa.selenium.chrome.ChromeDriver&#10;Capabilities {acceptInsecureCerts: false, browserName: chrome, browserVersion: 88.0.4324.104, chrome: {chromedriverVersion: 88.0.4324.96 (68dba2d8a0b14..., userDataDir: C:\Users\wcc-2\AppData\Loca...}, goog:chromeOptions: {debuggerAddress: localhost:56625}, javascriptEnabled: true, networkConnectionEnabled: false, pageLoadStrategy: normal, platform: WINDOWS, platformName: WINDOWS, proxy: Proxy(), setWindowRect: true, strictFileInteractability: false, timeouts: {implicit: 0, pageLoad: 300000, script: 30000}, unhandledPromptBehavior: dismiss and notify, webauthn:extension:largeBlob: true, webauthn:virtualAuthenticators: true}&#10;Session ID: d3c2ea9a9ee75fccff0660685035d463&#10;*** Element info: {Using=xpath, value=(//svg[@class=&quot;css-8qwo6f&quot;]}" type="org.openqa.selenium.InvalidSelectorException">org.openqa.selenium.InvalidSelectorException: 
invalid selector: Unable to locate an element with the xpath expression (//svg[@class="css-8qwo6f"] because of the following error:
SyntaxError: Failed to execute 'evaluate' on 'Document': The string '(//svg[@class="css-8qwo6f"]' is not a valid XPath expression.
  (Session info: chrome=88.0.4324.104)
For documentation on this error, please visit: https://www.seleniumhq.org/exceptions/invalid_selector_exception.html
Build info: version: '3.141.59', revision: 'e82be7d358', time: '2018-11-14T08:17:03'
System info: host: 'BAIRO', ip: '192.168.1.228', os.name: 'Windows 10', os.arch: 'amd64', os.version: '10.0', java.version: '13.0.2'
Driver info: org.openqa.selenium.chrome.ChromeDriver
Capabilities {acceptInsecureCerts: false, browserName: chrome, browserVersion: 88.0.4324.104, chrome: {chromedriverVersion: 88.0.4324.96 (68dba2d8a0b14..., userDataDir: C:\Users\wcc-2\AppData\Loca...}, goog:chromeOptions: {debuggerAddress: localhost:56625}, javascriptEnabled: true, networkConnectionEnabled: false, pageLoadStrategy: normal, platform: WINDOWS, platformName: WINDOWS, proxy: Proxy(), setWindowRect: true, strictFileInteractability: false, timeouts: {implicit: 0, pageLoad: 300000, script: 30000}, unhandledPromptBehavior: dismiss and notify, webauthn:extension:largeBlob: true, webauthn:virtualAuthenticators: true}
Session ID: d3c2ea9a9ee75fccff0660685035d463
*** Element info: {Using=xpath, value=(//svg[@class="css-8qwo6f"]}
</error>
  </testcase>
</testsuite>